{"E:\\gitworkspace\\vue-learn\\app.js":{"path":"E:\\gitworkspace\\vue-learn\\app.js","s":{"1":1,"2":1,"3":1,"4":1,"5":1,"6":1,"7":1,"8":1,"9":1,"10":1,"11":1,"12":1,"13":1,"14":1,"15":1,"16":1,"17":1,"18":1,"19":1,"20":1,"21":1,"22":1,"23":1,"24":1,"25":1,"26":1,"27":1,"28":1},"b":{"1":[1,0],"2":[1,0]},"f":{"1":1,"2":1},"fnMap":{"1":{"name":"(anonymous_1)","line":29,"loc":{"start":{"line":29,"column":8},"end":{"line":29,"column":33}}},"2":{"name":"(anonymous_2)","line":36,"loc":{"start":{"line":36,"column":8},"end":{"line":36,"column":38}}}},"statementMap":{"1":{"start":{"line":1,"column":0},"end":{"line":1,"column":33}},"2":{"start":{"line":2,"column":0},"end":{"line":2,"column":27}},"3":{"start":{"line":3,"column":0},"end":{"line":3,"column":39}},"4":{"start":{"line":4,"column":0},"end":{"line":4,"column":31}},"5":{"start":{"line":5,"column":0},"end":{"line":5,"column":44}},"6":{"start":{"line":6,"column":0},"end":{"line":6,"column":40}},"7":{"start":{"line":8,"column":0},"end":{"line":8,"column":38}},"8":{"start":{"line":9,"column":0},"end":{"line":9,"column":38}},"9":{"start":{"line":11,"column":0},"end":{"line":11,"column":20}},"10":{"start":{"line":14,"column":0},"end":{"line":14,"column":48}},"11":{"start":{"line":15,"column":0},"end":{"line":15,"column":31}},"12":{"start":{"line":19,"column":0},"end":{"line":19,"column":23}},"13":{"start":{"line":20,"column":0},"end":{"line":20,"column":27}},"14":{"start":{"line":21,"column":0},"end":{"line":21,"column":52}},"15":{"start":{"line":22,"column":0},"end":{"line":22,"column":24}},"16":{"start":{"line":23,"column":0},"end":{"line":23,"column":56}},"17":{"start":{"line":25,"column":0},"end":{"line":25,"column":20}},"18":{"start":{"line":26,"column":0},"end":{"line":26,"column":25}},"19":{"start":{"line":29,"column":0},"end":{"line":33,"column":3}},"20":{"start":{"line":30,"column":2},"end":{"line":30,"column":35}},"21":{"start":{"line":31,"column":2},"end":{"line":31,"column":19}},"22":{"start":{"line":32,"column":2},"end":{"line":32,"column":12}},"23":{"start":{"line":36,"column":0},"end":{"line":44,"column":3}},"24":{"start":{"line":38,"column":2},"end":{"line":38,"column":35}},"25":{"start":{"line":39,"column":2},"end":{"line":39,"column":69}},"26":{"start":{"line":42,"column":2},"end":{"line":42,"column":32}},"27":{"start":{"line":43,"column":2},"end":{"line":43,"column":22}},"28":{"start":{"line":46,"column":0},"end":{"line":46,"column":21}}},"branchMap":{"1":{"line":39,"type":"cond-expr","locations":[{"start":{"line":39,"column":60},"end":{"line":39,"column":63}},{"start":{"line":39,"column":66},"end":{"line":39,"column":68}}]},"2":{"line":42,"type":"binary-expr","locations":[{"start":{"line":42,"column":13},"end":{"line":42,"column":23}},{"start":{"line":42,"column":27},"end":{"line":42,"column":30}}]}}},"E:\\gitworkspace\\vue-learn\\routes\\index.js":{"path":"E:\\gitworkspace\\vue-learn\\routes\\index.js","s":{"1":1,"2":1,"3":1,"4":1,"5":1},"b":{},"f":{"1":1},"fnMap":{"1":{"name":"(anonymous_1)","line":5,"loc":{"start":{"line":5,"column":16},"end":{"line":5,"column":41}}}},"statementMap":{"1":{"start":{"line":1,"column":0},"end":{"line":1,"column":33}},"2":{"start":{"line":2,"column":0},"end":{"line":2,"column":30}},"3":{"start":{"line":5,"column":0},"end":{"line":7,"column":3}},"4":{"start":{"line":6,"column":2},"end":{"line":6,"column":44}},"5":{"start":{"line":9,"column":0},"end":{"line":9,"column":24}}},"branchMap":{}},"E:\\gitworkspace\\vue-learn\\routes\\users.js":{"path":"E:\\gitworkspace\\vue-learn\\routes\\users.js","s":{"1":1,"2":1,"3":1,"4":1,"5":1,"6":1,"7":1,"8":1,"9":1,"10":1,"11":1,"12":1},"b":{},"f":{"1":1,"2":1,"3":1},"fnMap":{"1":{"name":"(anonymous_1)","line":5,"loc":{"start":{"line":5,"column":16},"end":{"line":5,"column":36}}},"2":{"name":"(anonymous_2)","line":9,"loc":{"start":{"line":9,"column":19},"end":{"line":9,"column":39}}},"3":{"name":"(anonymous_3)","line":13,"loc":{"start":{"line":13,"column":28},"end":{"line":13,"column":48}}}},"statementMap":{"1":{"start":{"line":1,"column":0},"end":{"line":1,"column":33}},"2":{"start":{"line":2,"column":0},"end":{"line":2,"column":30}},"3":{"start":{"line":5,"column":0},"end":{"line":8,"column":3}},"4":{"start":{"line":6,"column":1},"end":{"line":6,"column":21}},"5":{"start":{"line":7,"column":1},"end":{"line":7,"column":15}},"6":{"start":{"line":9,"column":0},"end":{"line":12,"column":3}},"7":{"start":{"line":10,"column":1},"end":{"line":10,"column":36}},"8":{"start":{"line":11,"column":1},"end":{"line":11,"column":15}},"9":{"start":{"line":13,"column":0},"end":{"line":16,"column":3}},"10":{"start":{"line":14,"column":1},"end":{"line":14,"column":47}},"11":{"start":{"line":15,"column":1},"end":{"line":15,"column":15}},"12":{"start":{"line":18,"column":0},"end":{"line":18,"column":24}}},"branchMap":{}}}